[0219/175130.936:ERROR:process_memory_win.cc(73)] ReadMemory at 0x7ff707a10000 of 64 bytes failed: Only part of a ReadProcessMemory or WriteProcessMemory request was completed. (0x12B)
[0219/175131.028:WARNING:pe_image_reader.cc(340)] could not read dos header from C:\Program Files (x86)\Google\Chrome\Application\chrome.exe
[0219/175131.029:ERROR:process_memory_win.cc(73)] ReadMemory at 0x7ffb4b790000 of 64 bytes failed: Only part of a ReadProcessMemory or WriteProcessMemory request was completed. (0x12B)
[0219/175131.029:WARNING:pe_image_reader.cc(340)] could not read dos header from C:\Windows\SYSTEM32\ntdll.dll
[0219/175131.030:ERROR:process_memory_win.cc(73)] ReadMemory at 0x7ffb48fe0000 of 64 bytes failed: Only part of a ReadProcessMemory or WriteProcessMemory request was completed. (0x12B)
[0219/175131.031:WARNING:pe_image_reader.cc(340)] could not read dos header from C:\Windows\System32\KERNEL32.DLL
[0219/175131.032:ERROR:process_memory_win.cc(73)] ReadMemory at 0x7ffb47830000 of 64 bytes failed: Only part of a ReadProcessMemory or WriteProcessMemory request was completed. (0x12B)
[0219/175131.032:WARNING:pe_image_reader.cc(340)] could not read dos header from C:\Windows\System32\KERNELBASE.dll
[0219/175131.034:ERROR:process_memory_win.cc(73)] ReadMemory at 0x7ffb30c40000 of 64 bytes failed: Only part of a ReadProcessMemory or WriteProcessMemory request was completed. (0x12B)
[0219/175131.034:WARNING:pe_image_reader.cc(340)] could not read dos header from C:\Program Files (x86)\Google\Chrome\Application\79.0.3945.130\chrome_elf.dll
[0219/175131.035:ERROR:process_memory_win.cc(73)] ReadMemory at 0x7ffb40ee0000 of 64 bytes failed: Only part of a ReadProcessMemory or WriteProcessMemory request was completed. (0x12B)
[0219/175131.035:WARNING:pe_image_reader.cc(340)] could not read dos header from C:\Windows\SYSTEM32\VERSION.dll
[0219/175131.036:ERROR:process_memory_win.cc(73)] ReadMemory at 0x7ffb4ac30000 of 64 bytes failed: Only part of a ReadProcessMemory or WriteProcessMemory request was completed. (0x12B)
[0219/175131.036:WARNING:pe_image_reader.cc(340)] could not read dos header from C:\Windows\System32\msvcrt.dll
[0219/175131.037:ERROR:process_memory_win.cc(73)] ReadMemory at 0x7ffb47fc0000 of 64 bytes failed: Only part of a ReadProcessMemory or WriteProcessMemory request was completed. (0x12B)
[0219/175131.037:WARNING:pe_image_reader.cc(340)] could not read dos header from C:\Windows\System32\bcryptPrimitives.dll
[0219/175131.038:ERROR:process_memory_win.cc(73)] ReadMemory at 0x7ffb4b680000 of 64 bytes failed: Only part of a ReadProcessMemory or WriteProcessMemory request was completed. (0x12B)
[0219/175131.038:WARNING:pe_image_reader.cc(340)] could not read dos header from C:\Windows\System32\ADVAPI32.dll
[0219/175131.039:ERROR:process_memory_win.cc(73)] ReadMemory at 0x7ffb49230000 of 64 bytes failed: Only part of a ReadProcessMemory or WriteProcessMemory request was completed. (0x12B)
[0219/175131.039:WARNING:pe_image_reader.cc(340)] could not read dos header from C:\Windows\System32\sechost.dll
[0219/175131.040:ERROR:process_memory_win.cc(73)] ReadMemory at 0x7ffb49550000 of 64 bytes failed: Only part of a ReadProcessMemory or WriteProcessMemory request was completed. (0x12B)
[0219/175131.040:WARNING:pe_image_reader.cc(340)] could not read dos header from C:\Windows\System32\RPCRT4.dll
[0219/175131.041:ERROR:process_memory_win.cc(73)] ReadMemory at 0x7ffaf7190000 of 64 bytes failed: Only part of a ReadProcessMemory or WriteProcessMemory request was completed. (0x12B)
[0219/175131.041:WARNING:pe_image_reader.cc(340)] could not read dos header from C:\Program Files (x86)\Google\Chrome\Application\79.0.3945.130\chrome_child.dll
[0219/175131.042:ERROR:process_memory_win.cc(73)] ReadMemory at 0x7ffb4b580000 of 64 bytes failed: Only part of a ReadProcessMemory or WriteProcessMemory request was completed. (0x12B)
[0219/175131.042:WARNING:pe_image_reader.cc(340)] could not read dos header from C:\Windows\System32\OLEAUT32.dll
[0219/175131.043:ERROR:process_memory_win.cc(73)] ReadMemory at 0x7ffb47ef0000 of 64 bytes failed: Only part of a ReadProcessMemory or WriteProcessMemory request was completed. (0x12B)
[0219/175131.044:WARNING:pe_image_reader.cc(340)] could not read dos header from C:\Windows\System32\msvcp_win.dll
[0219/175131.045:ERROR:process_memory_win.cc(73)] ReadMemory at 0x7ffb47c70000 of 64 bytes failed: Only part of a ReadProcessMemory or WriteProcessMemory request was completed. (0x12B)
[0219/175131.045:WARNING:pe_image_reader.cc(340)] could not read dos header from C:\Windows\System32\ucrtbase.dll
[0219/175131.046:ERROR:process_memory_win.cc(73)] ReadMemory at 0x7ffb4ad50000 of 64 bytes failed: Only part of a ReadProcessMemory or WriteProcessMemory request was completed. (0x12B)
[0219/175131.047:WARNING:pe_image_reader.cc(340)] could not read dos header from C:\Windows\System32\combase.dll
[0219/175131.047:ERROR:process_memory_win.cc(73)] ReadMemory at 0x7ffb49690000 of 64 bytes failed: Only part of a ReadProcessMemory or WriteProcessMemory request was completed. (0x12B)
[0219/175131.048:WARNING:pe_image_reader.cc(340)] could not read dos header from C:\Windows\System32\WS2_32.dll
[0219/175131.048:ERROR:process_memory_win.cc(73)] ReadMemory at 0x7ffb47e90000 of 64 bytes failed: Only part of a ReadProcessMemory or WriteProcessMemory request was completed. (0x12B)
[0219/175131.049:WARNING:pe_image_reader.cc(340)] could not read dos header from C:\Windows\System32\WINTRUST.dll
[0219/175131.049:ERROR:process_memory_win.cc(73)] ReadMemory at 0x7ffb47760000 of 64 bytes failed: Only part of a ReadProcessMemory or WriteProcessMemory request was completed. (0x12B)
[0219/175131.050:WARNING:pe_image_reader.cc(340)] could not read dos header from C:\Windows\System32\MSASN1.dll
[0219/175131.050:ERROR:process_memory_win.cc(73)] ReadMemory at 0x7ffb48060000 of 64 bytes failed: Only part of a ReadProcessMemory or WriteProcessMemory request was completed. (0x12B)
[0219/175131.051:WARNING:pe_image_reader.cc(340)] could not read dos header from C:\Windows\System32\CRYPT32.dll
[0219/175131.051:ERROR:process_memory_win.cc(73)] ReadMemory at 0x7ffb46d40000 of 64 bytes failed: Only part of a ReadProcessMemory or WriteProcessMemory request was completed. (0x12B)
[0219/175131.052:WARNING:pe_image_reader.cc(340)] could not read dos header from C:\Windows\SYSTEM32\IPHLPAPI.DLL
[0219/175131.053:ERROR:process_memory_win.cc(73)] ReadMemory at 0x7ffb45660000 of 64 bytes failed: Only part of a ReadProcessMemory or WriteProcessMemory request was completed. (0x12B)
[0219/175131.053:WARNING:pe_image_reader.cc(340)] could not read dos header from C:\Windows\SYSTEM32\WINMM.dll
[0219/175131.053:ERROR:process_memory_win.cc(73)] ReadMemory at 0x7ffb47660000 of 64 bytes failed: Only part of a ReadProcessMemory or WriteProcessMemory request was completed. (0x12B)
[0219/175131.054:WARNING:pe_image_reader.cc(340)] could not read dos header from C:\Windows\SYSTEM32\USERENV.dll
[0219/175131.054:ERROR:process_memory_win.cc(73)] ReadMemory at 0x7ffb477a0000 of 64 bytes failed: Only part of a ReadProcessMemory or WriteProcessMemory request was completed. (0x12B)
[0219/175131.054:WARNING:pe_image_reader.cc(340)] could not read dos header from C:\Windows\System32\profapi.dll
[0219/175131.055:ERROR:process_memory_win.cc(73)] ReadMemory at 0x7ffb3d280000 of 64 bytes failed: Only part of a ReadProcessMemory or WriteProcessMemory request was completed. (0x12B)
[0219/175131.056:WARNING:pe_image_reader.cc(340)] could not read dos header from C:\Windows\SYSTEM32\DWrite.dll
[0219/175131.056:ERROR:process_memory_win.cc(73)] ReadMemory at 0x7ffb3b300000 of 64 bytes failed: Only part of a ReadProcessMemory or WriteProcessMemory request was completed. (0x12B)
[0219/175131.060:WARNING:pe_image_reader.cc(340)] could not read dos header from C:\Windows\SYSTEM32\WINSPOOL.DRV
[0219/175131.062:ERROR:process_memory_win.cc(73)] ReadMemory at 0x7ffb47780000 of 64 bytes failed: Only part of a ReadProcessMemory or WriteProcessMemory request was completed. (0x12B)
[0219/175131.062:WARNING:pe_image_reader.cc(340)] could not read dos header from C:\Windows\System32\kernel.appcore.dll
[0219/175131.064:ERROR:process_memory_win.cc(73)] ReadMemory at 0x7ffb47f90000 of 64 bytes failed: Only part of a ReadProcessMemory or WriteProcessMemory request was completed. (0x12B)
[0219/175131.065:WARNING:pe_image_reader.cc(340)] could not read dos header from C:\Windows\System32\bcrypt.dll
[0219/175131.065:ERROR:process_memory_win.cc(73)] ReadMemory at 0x7ffb36110000 of 64 bytes failed: Only part of a ReadProcessMemory or WriteProcessMemory request was completed. (0x12B)
[0219/175131.066:WARNING:pe_image_reader.cc(340)] could not read dos header from C:\Windows\SYSTEM32\dbghelp.dll
[0219/175131.070:ERROR:process_memory_win.cc(73)] ReadMemory at 0x7ffb283a0000 of 64 bytes failed: Only part of a ReadProcessMemory or WriteProcessMemory request was completed. (0x12B)
[0219/175131.071:WARNING:pe_image_reader.cc(340)] could not read dos header from C:\Windows\SYSTEM32\Secur32.dll
[0219/175131.072:ERROR:process_memory_win.cc(73)] ReadMemory at 0x7ffb3b9f0000 of 64 bytes failed: Only part of a ReadProcessMemory or WriteProcessMemory request was completed. (0x12B)
[0219/175131.074:WARNING:pe_image_reader.cc(340)] could not read dos header from C:\Windows\SYSTEM32\WINHTTP.dll
[0219/175131.076:ERROR:process_memory_win.cc(73)] ReadMemory at 0x7ffb410d0000 of 64 bytes failed: Only part of a ReadProcessMemory or WriteProcessMemory request was completed. (0x12B)
[0219/175131.077:WARNING:pe_image_reader.cc(340)] could not read dos header from C:\Windows\SYSTEM32\dhcpcsvc.DLL
[0219/175131.078:ERROR:process_memory_win.cc(73)] ReadMemory at 0x7ffb49700000 of 64 bytes failed: Only part of a ReadProcessMemory or WriteProcessMemory request was completed. (0x12B)
[0219/175131.080:WARNING:pe_image_reader.cc(340)] could not read dos header from C:\Windows\System32\NSI.dll
[0219/175131.081:ERROR:process_memory_win.cc(73)] ReadMemory at 0x7ffb45630000 of 64 bytes failed: Only part of a ReadProcessMemory or WriteProcessMemory request was completed. (0x12B)
[0219/175131.081:WARNING:pe_image_reader.cc(340)] could not read dos header from C:\Windows\SYSTEM32\WINMMBASE.dll
[0219/175131.082:ERROR:process_memory_win.cc(73)] ReadMemory at 0x7ffb47e40000 of 64 bytes failed: Only part of a ReadProcessMemory or WriteProcessMemory request was completed. (0x12B)
[0219/175131.082:WARNING:pe_image_reader.cc(340)] could not read dos header from C:\Windows\System32\cfgmgr32.dll
[0219/175131.083:ERROR:process_memory_win.cc(73)] ReadMemory at 0x7ffb44a90000 of 64 bytes failed: Only part of a ReadProcessMemory or WriteProcessMemory request was completed. (0x12B)
[0219/175131.084:WARNING:pe_image_reader.cc(340)] could not read dos header from C:\Windows\SYSTEM32\PROPSYS.dll
[0219/175131.085:ERROR:process_memory_win.cc(73)] ReadMemory at 0x7ffb48f30000 of 64 bytes failed: Only part of a ReadProcessMemory or WriteProcessMemory request was completed. (0x12B)
[0219/175131.087:WARNING:pe_image_reader.cc(340)] could not read dos header from C:\Windows\System32\shcore.dll
[0219/175131.088:ERROR:process_memory_win.cc(73)] ReadMemory at 0x7ffb47690000 of 64 bytes failed: Only part of a ReadProcessMemory or WriteProcessMemory request was completed. (0x12B)
[0219/175131.088:WARNING:pe_image_reader.cc(340)] could not read dos header from C:\Windows\SYSTEM32\SSPICLI.DLL
[0219/175131.089:ERROR:process_memory_win.cc(73)] ReadMemory at 0x7ffb471b0000 of 64 bytes failed: Only part of a ReadProcessMemory or WriteProcessMemory request was completed. (0x12B)
[0219/175131.089:WARNING:pe_image_reader.cc(340)] could not read dos header from C:\Windows\SYSTEM32\CRYPTBASE.DLL
[0219/175131.090:ERROR:process_memory_win.cc(73)] ReadMemory at 0x7ff707a10000 of 64 bytes failed: Only part of a ReadProcessMemory or WriteProcessMemory request was completed. (0x12B)
[0219/175131.090:WARNING:pe_image_reader.cc(340)] could not read dos header from C:\Program Files (x86)\Google\Chrome\Application\chrome.exe
[0219/175131.091:ERROR:process_memory_win.cc(73)] ReadMemory at 0x7ffb4b790000 of 64 bytes failed: Only part of a ReadProcessMemory or WriteProcessMemory request was completed. (0x12B)
[0219/175131.091:WARNING:pe_image_reader.cc(340)] could not read dos header from C:\Windows\SYSTEM32\ntdll.dll
[0219/175131.092:ERROR:process_memory_win.cc(73)] ReadMemory at 0x7ffb48fe0000 of 64 bytes failed: Only part of a ReadProcessMemory or WriteProcessMemory request was completed. (0x12B)
[0219/175131.092:WARNING:pe_image_reader.cc(340)] could not read dos header from C:\Windows\System32\KERNEL32.DLL
[0219/175131.092:ERROR:process_memory_win.cc(73)] ReadMemory at 0x7ffb47830000 of 64 bytes failed: Only part of a ReadProcessMemory or WriteProcessMemory request was completed. (0x12B)
[0219/175131.093:WARNING:pe_image_reader.cc(340)] could not read dos header from C:\Windows\System32\KERNELBASE.dll
[0219/175131.094:ERROR:process_memory_win.cc(73)] ReadMemory at 0x7ffb30c40000 of 64 bytes failed: Only part of a ReadProcessMemory or WriteProcessMemory request was completed. (0x12B)
[0219/175131.095:WARNING:pe_image_reader.cc(340)] could not read dos header from C:\Program Files (x86)\Google\Chrome\Application\79.0.3945.130\chrome_elf.dll
[0219/175131.096:ERROR:process_memory_win.cc(73)] ReadMemory at 0x7ffb40ee0000 of 64 bytes failed: Only part of a ReadProcessMemory or WriteProcessMemory request was completed. (0x12B)
[0219/175131.096:WARNING:pe_image_reader.cc(340)] could not read dos header from C:\Windows\SYSTEM32\VERSION.dll
[0219/175131.096:ERROR:process_memory_win.cc(73)] ReadMemory at 0x7ffb4ac30000 of 64 bytes failed: Only part of a ReadProcessMemory or WriteProcessMemory request was completed. (0x12B)
[0219/175131.097:WARNING:pe_image_reader.cc(340)] could not read dos header from C:\Windows\System32\msvcrt.dll
[0219/175131.099:ERROR:process_memory_win.cc(73)] ReadMemory at 0x7ffb47fc0000 of 64 bytes failed: Only part of a ReadProcessMemory or WriteProcessMemory request was completed. (0x12B)
[0219/175131.100:WARNING:pe_image_reader.cc(340)] could not read dos header from C:\Windows\System32\bcryptPrimitives.dll
[0219/175131.100:ERROR:process_memory_win.cc(73)] ReadMemory at 0x7ffb4b680000 of 64 bytes failed: Only part of a ReadProcessMemory or WriteProcessMemory request was completed. (0x12B)
[0219/175131.101:WARNING:pe_image_reader.cc(340)] could not read dos header from C:\Windows\System32\ADVAPI32.dll
[0219/175131.101:ERROR:process_memory_win.cc(73)] ReadMemory at 0x7ffb49230000 of 64 bytes failed: Only part of a ReadProcessMemory or WriteProcessMemory request was completed. (0x12B)
[0219/175131.102:WARNING:pe_image_reader.cc(340)] could not read dos header from C:\Windows\System32\sechost.dll
[0219/175131.102:ERROR:process_memory_win.cc(73)] ReadMemory at 0x7ffb49550000 of 64 bytes failed: Only part of a ReadProcessMemory or WriteProcessMemory request was completed. (0x12B)
[0219/175131.103:WARNING:pe_image_reader.cc(340)] could not read dos header from C:\Windows\System32\RPCRT4.dll
[0219/175131.104:ERROR:process_memory_win.cc(73)] ReadMemory at 0x7ffaf7190000 of 64 bytes failed: Only part of a ReadProcessMemory or WriteProcessMemory request was completed. (0x12B)
[0219/175131.107:WARNING:pe_image_reader.cc(340)] could not read dos header from C:\Program Files (x86)\Google\Chrome\Application\79.0.3945.130\chrome_child.dll
[0219/175131.109:ERROR:process_memory_win.cc(73)] ReadMemory at 0x7ffb4b580000 of 64 bytes failed: Only part of a ReadProcessMemory or WriteProcessMemory request was completed. (0x12B)
[0219/175131.109:WARNING:pe_image_reader.cc(340)] could not read dos header from C:\Windows\System32\OLEAUT32.dll
[0219/175131.111:ERROR:process_memory_win.cc(73)] ReadMemory at 0x7ffb47ef0000 of 64 bytes failed: Only part of a ReadProcessMemory or WriteProcessMemory request was completed. (0x12B)
[0219/175131.118:WARNING:pe_image_reader.cc(340)] could not read dos header from C:\Windows\System32\msvcp_win.dll
[0219/175131.119:ERROR:process_memory_win.cc(73)] ReadMemory at 0x7ffb47c70000 of 64 bytes failed: Only part of a ReadProcessMemory or WriteProcessMemory request was completed. (0x12B)
[0219/175131.120:WARNING:pe_image_reader.cc(340)] could not read dos header from C:\Windows\System32\ucrtbase.dll
[0219/175131.120:ERROR:process_memory_win.cc(73)] ReadMemory at 0x7ffb4ad50000 of 64 bytes failed: Only part of a ReadProcessMemory or WriteProcessMemory request was completed. (0x12B)
[0219/175131.150:WARNING:pe_image_reader.cc(340)] could not read dos header from C:\Windows\System32\combase.dll
[0219/175131.151:ERROR:process_memory_win.cc(73)] ReadMemory at 0x7ffb49690000 of 64 bytes failed: Only part of a ReadProcessMemory or WriteProcessMemory request was completed. (0x12B)
[0219/175131.151:WARNING:pe_image_reader.cc(340)] could not read dos header from C:\Windows\System32\WS2_32.dll
[0219/175131.152:ERROR:process_memory_win.cc(73)] ReadMemory at 0x7ffb47e90000 of 64 bytes failed: Only part of a ReadProcessMemory or WriteProcessMemory request was completed. (0x12B)
[0219/175131.152:WARNING:pe_image_reader.cc(340)] could not read dos header from C:\Windows\System32\WINTRUST.dll
[0219/175131.153:ERROR:process_memory_win.cc(73)] ReadMemory at 0x7ffb47760000 of 64 bytes failed: Only part of a ReadProcessMemory or WriteProcessMemory request was completed. (0x12B)
[0219/175131.153:WARNING:pe_image_reader.cc(340)] could not read dos header from C:\Windows\System32\MSASN1.dll
[0219/175131.154:ERROR:process_memory_win.cc(73)] ReadMemory at 0x7ffb48060000 of 64 bytes failed: Only part of a ReadProcessMemory or WriteProcessMemory request was completed. (0x12B)
[0219/175131.154:WARNING:pe_image_reader.cc(340)] could not read dos header from C:\Windows\System32\CRYPT32.dll
[0219/175131.155:ERROR:process_memory_win.cc(73)] ReadMemory at 0x7ffb46d40000 of 64 bytes failed: Only part of a ReadProcessMemory or WriteProcessMemory request was completed. (0x12B)
[0219/175131.155:WARNING:pe_image_reader.cc(340)] could not read dos header from C:\Windows\SYSTEM32\IPHLPAPI.DLL
[0219/175131.156:ERROR:process_memory_win.cc(73)] ReadMemory at 0x7ffb45660000 of 64 bytes failed: Only part of a ReadProcessMemory or WriteProcessMemory request was completed. (0x12B)
[0219/175131.156:WARNING:pe_image_reader.cc(340)] could not read dos header from C:\Windows\SYSTEM32\WINMM.dll
[0219/175131.157:ERROR:process_memory_win.cc(73)] ReadMemory at 0x7ffb47660000 of 64 bytes failed: Only part of a ReadProcessMemory or WriteProcessMemory request was completed. (0x12B)
[0219/175131.157:WARNING:pe_image_reader.cc(340)] could not read dos header from C:\Windows\SYSTEM32\USERENV.dll
[0219/175131.158:ERROR:process_memory_win.cc(73)] ReadMemory at 0x7ffb477a0000 of 64 bytes failed: Only part of a ReadProcessMemory or WriteProcessMemory request was completed. (0x12B)
[0219/175131.158:WARNING:pe_image_reader.cc(340)] could not read dos header from C:\Windows\System32\profapi.dll
[0219/175131.158:ERROR:process_memory_win.cc(73)] ReadMemory at 0x7ffb3d280000 of 64 bytes failed: Only part of a ReadProcessMemory or WriteProcessMemory request was completed. (0x12B)
[0219/175131.159:WARNING:pe_image_reader.cc(340)] could not read dos header from C:\Windows\SYSTEM32\DWrite.dll
[0219/175131.159:ERROR:process_memory_win.cc(73)] ReadMemory at 0x7ffb3b300000 of 64 bytes failed: Only part of a ReadProcessMemory or WriteProcessMemory request was completed. (0x12B)
[0219/175131.159:WARNING:pe_image_reader.cc(340)] could not read dos header from C:\Windows\SYSTEM32\WINSPOOL.DRV
[0219/175131.160:ERROR:process_memory_win.cc(73)] ReadMemory at 0x7ffb47780000 of 64 bytes failed: Only part of a ReadProcessMemory or WriteProcessMemory request was completed. (0x12B)
[0219/175131.160:WARNING:pe_image_reader.cc(340)] could not read dos header from C:\Windows\System32\kernel.appcore.dll
[0219/175131.161:ERROR:process_memory_win.cc(73)] ReadMemory at 0x7ffb47f90000 of 64 bytes failed: Only part of a ReadProcessMemory or WriteProcessMemory request was completed. (0x12B)
[0219/175131.161:WARNING:pe_image_reader.cc(340)] could not read dos header from C:\Windows\System32\bcrypt.dll
[0219/175131.161:ERROR:process_memory_win.cc(73)] ReadMemory at 0x7ffb36110000 of 64 bytes failed: Only part of a ReadProcessMemory or WriteProcessMemory request was completed. (0x12B)
[0219/175131.163:WARNING:pe_image_reader.cc(340)] could not read dos header from C:\Windows\SYSTEM32\dbghelp.dll
[0219/175131.164:ERROR:process_memory_win.cc(73)] ReadMemory at 0x7ffb283a0000 of 64 bytes failed: Only part of a ReadProcessMemory or WriteProcessMemory request was completed. (0x12B)
[0219/175131.164:WARNING:pe_image_reader.cc(340)] could not read dos header from C:\Windows\SYSTEM32\Secur32.dll
[0219/175131.165:ERROR:process_memory_win.cc(73)] ReadMemory at 0x7ffb3b9f0000 of 64 bytes failed: Only part of a ReadProcessMemory or WriteProcessMemory request was completed. (0x12B)
[0219/175131.166:WARNING:pe_image_reader.cc(340)] could not read dos header from C:\Windows\SYSTEM32\WINHTTP.dll
[0219/175131.166:ERROR:process_memory_win.cc(73)] ReadMemory at 0x7ffb410d0000 of 64 bytes failed: Only part of a ReadProcessMemory or WriteProcessMemory request was completed. (0x12B)
[0219/175131.168:WARNING:pe_image_reader.cc(340)] could not read dos header from C:\Windows\SYSTEM32\dhcpcsvc.DLL
[0219/175131.169:ERROR:process_memory_win.cc(73)] ReadMemory at 0x7ffb49700000 of 64 bytes failed: Only part of a ReadProcessMemory or WriteProcessMemory request was completed. (0x12B)
[0219/175131.169:WARNING:pe_image_reader.cc(340)] could not read dos header from C:\Windows\System32\NSI.dll
[0219/175131.170:ERROR:process_memory_win.cc(73)] ReadMemory at 0x7ffb45630000 of 64 bytes failed: Only part of a ReadProcessMemory or WriteProcessMemory request was completed. (0x12B)
[0219/175131.171:WARNING:pe_image_reader.cc(340)] could not read dos header from C:\Windows\SYSTEM32\WINMMBASE.dll
[0219/175131.172:ERROR:process_memory_win.cc(73)] ReadMemory at 0x7ffb47e40000 of 64 bytes failed: Only part of a ReadProcessMemory or WriteProcessMemory request was completed. (0x12B)
[0219/175131.172:WARNING:pe_image_reader.cc(340)] could not read dos header from C:\Windows\System32\cfgmgr32.dll
[0219/175131.173:ERROR:process_memory_win.cc(73)] ReadMemory at 0x7ffb44a90000 of 64 bytes failed: Only part of a ReadProcessMemory or WriteProcessMemory request was completed. (0x12B)
[0219/175131.173:WARNING:pe_image_reader.cc(340)] could not read dos header from C:\Windows\SYSTEM32\PROPSYS.dll
[0219/175131.174:ERROR:process_memory_win.cc(73)] ReadMemory at 0x7ffb48f30000 of 64 bytes failed: Only part of a ReadProcessMemory or WriteProcessMemory request was completed. (0x12B)
[0219/175131.174:WARNING:pe_image_reader.cc(340)] could not read dos header from C:\Windows\System32\shcore.dll
[0219/175131.175:ERROR:process_memory_win.cc(73)] ReadMemory at 0x7ffb47690000 of 64 bytes failed: Only part of a ReadProcessMemory or WriteProcessMemory request was completed. (0x12B)
[0219/175131.175:WARNING:pe_image_reader.cc(340)] could not read dos header from C:\Windows\SYSTEM32\SSPICLI.DLL
[0219/175131.176:ERROR:process_memory_win.cc(73)] ReadMemory at 0x7ffb471b0000 of 64 bytes failed: Only part of a ReadProcessMemory or WriteProcessMemory request was completed. (0x12B)
[0219/175131.176:WARNING:pe_image_reader.cc(340)] could not read dos header from C:\Windows\SYSTEM32\CRYPTBASE.DLL
[0219/175132.007:ERROR:process_memory_win.cc(73)] ReadMemory at 0x7b1e5e0000 of 131072 bytes failed: Only part of a ReadProcessMemory or WriteProcessMemory request was completed. (0x12B)
[0219/175132.013:ERROR:process_memory_win.cc(73)] ReadMemory at 0x7b1edfd000 of 12288 bytes failed: Only part of a ReadProcessMemory or WriteProcessMemory request was completed. (0x12B)
[0219/175132.014:ERROR:process_memory_win.cc(73)] ReadMemory at 0x7b1fdfc000 of 16384 bytes failed: Only part of a ReadProcessMemory or WriteProcessMemory request was completed. (0x12B)
[0219/175132.016:ERROR:process_memory_win.cc(73)] ReadMemory at 0x7b205fc000 of 16384 bytes failed: Only part of a ReadProcessMemory or WriteProcessMemory request was completed. (0x12B)
[0219/175132.017:ERROR:process_memory_win.cc(73)] ReadMemory at 0x7b20dfe000 of 8192 bytes failed: Only part of a ReadProcessMemory or WriteProcessMemory request was completed. (0x12B)
[0219/175132.018:ERROR:process_memory_win.cc(73)] ReadMemory at 0x7b215fd000 of 12288 bytes failed: Only part of a ReadProcessMemory or WriteProcessMemory request was completed. (0x12B)
[0219/175132.020:ERROR:process_memory_win.cc(73)] ReadMemory at 0x7b21dfb000 of 20480 bytes failed: Only part of a ReadProcessMemory or WriteProcessMemory request was completed. (0x12B)
[0219/175132.022:ERROR:process_memory_win.cc(73)] ReadMemory at 0x7b225fd000 of 12288 bytes failed: Only part of a ReadProcessMemory or WriteProcessMemory request was completed. (0x12B)
[0219/175132.023:ERROR:process_memory_win.cc(73)] ReadMemory at 0x7b22df4000 of 49152 bytes failed: Only part of a ReadProcessMemory or WriteProcessMemory request was completed. (0x12B)
[0219/175132.025:ERROR:process_memory_win.cc(73)] ReadMemory at 0x7b235f5000 of 45056 bytes failed: Only part of a ReadProcessMemory or WriteProcessMemory request was completed. (0x12B)
[0219/175132.028:ERROR:process_memory_win.cc(73)] ReadMemory at 0x7b23dfc000 of 16384 bytes failed: Only part of a ReadProcessMemory or WriteProcessMemory request was completed. (0x12B)
[0219/175132.030:ERROR:process_memory_win.cc(73)] ReadMemory at 0x7b1f5fd000 of 12288 bytes failed: Only part of a ReadProcessMemory or WriteProcessMemory request was completed. (0x12B)
[0219/175132.032:ERROR:process_memory_win.cc(73)] ReadMemory at 0x7b255fd000 of 12288 bytes failed: Only part of a ReadProcessMemory or WriteProcessMemory request was completed. (0x12B)
[0219/175132.033:ERROR:process_memory_win.cc(73)] ReadMemory at 0x7b245fe000 of 8192 bytes failed: Only part of a ReadProcessMemory or WriteProcessMemory request was completed. (0x12B)
[0219/175132.034:ERROR:process_memory_win.cc(73)] ReadMemory at 0x7b1dc24000 of 852 bytes failed: Only part of a ReadProcessMemory or WriteProcessMemory request was completed. (0x12B)
[0219/175132.036:ERROR:process_memory_win.cc(73)] ReadMemory at 0x7b1dc25000 of 6024 bytes failed: Only part of a ReadProcessMemory or WriteProcessMemory request was completed. (0x12B)
[0219/175132.037:ERROR:process_memory_win.cc(73)] ReadMemory at 0x7b1dc27000 of 6024 bytes failed: Only part of a ReadProcessMemory or WriteProcessMemory request was completed. (0x12B)
[0219/175132.038:ERROR:process_memory_win.cc(73)] ReadMemory at 0x7b1dc2b000 of 6024 bytes failed: Only part of a ReadProcessMemory or WriteProcessMemory request was completed. (0x12B)
[0219/175132.039:ERROR:process_memory_win.cc(73)] ReadMemory at 0x7b1dc2d000 of 6024 bytes failed: Only part of a ReadProcessMemory or WriteProcessMemory request was completed. (0x12B)
[0219/175132.040:ERROR:process_memory_win.cc(73)] ReadMemory at 0x7b1dc2f000 of 6024 bytes failed: Only part of a ReadProcessMemory or WriteProcessMemory request was completed. (0x12B)
[0219/175132.041:ERROR:process_memory_win.cc(73)] ReadMemory at 0x7b1dc31000 of 6024 bytes failed: Only part of a ReadProcessMemory or WriteProcessMemory request was completed. (0x12B)
[0219/175132.042:ERROR:process_memory_win.cc(73)] ReadMemory at 0x7b1dc33000 of 6024 bytes failed: Only part of a ReadProcessMemory or WriteProcessMemory request was completed. (0x12B)
[0219/175132.043:ERROR:process_memory_win.cc(73)] ReadMemory at 0x7b1dc35000 of 6024 bytes failed: Only part of a ReadProcessMemory or WriteProcessMemory request was completed. (0x12B)
[0219/175132.044:ERROR:process_memory_win.cc(73)] ReadMemory at 0x7b1dc37000 of 6024 bytes failed: Only part of a ReadProcessMemory or WriteProcessMemory request was completed. (0x12B)
[0219/175132.046:ERROR:process_memory_win.cc(73)] ReadMemory at 0x7b1dc39000 of 6024 bytes failed: Only part of a ReadProcessMemory or WriteProcessMemory request was completed. (0x12B)
[0219/175132.047:ERROR:process_memory_win.cc(73)] ReadMemory at 0x7b1dc3b000 of 6024 bytes failed: Only part of a ReadProcessMemory or WriteProcessMemory request was completed. (0x12B)
[0219/175132.048:ERROR:process_memory_win.cc(73)] ReadMemory at 0x7b1dc4b000 of 6024 bytes failed: Only part of a ReadProcessMemory or WriteProcessMemory request was completed. (0x12B)
[0219/175132.049:ERROR:process_memory_win.cc(73)] ReadMemory at 0x7b1dd5d000 of 6024 bytes failed: Only part of a ReadProcessMemory or WriteProcessMemory request was completed. (0x12B)
[0219/175132.049:ERROR:process_memory_win.cc(73)] ReadMemory at 0x7b1dd61000 of 6024 bytes failed: Only part of a ReadProcessMemory or WriteProcessMemory request was completed. (0x12B)
[0219/175132.050:ERROR:process_memory_win.cc(73)] ReadMemory at 0x2680ba20fe0 of 3642 bytes failed: Only part of a ReadProcessMemory or WriteProcessMemory request was completed. (0x12B)
[0219/175132.051:ERROR:process_memory_win.cc(73)] ReadMemory at 0x2680ba21e30 of 1012 bytes failed: Only part of a ReadProcessMemory or WriteProcessMemory request was completed. (0x12B)
[0219/175132.052:ERROR:process_memory_win.cc(73)] ReadMemory at 0x2680ba22458 of 118 bytes failed: Only part of a ReadProcessMemory or WriteProcessMemory request was completed. (0x12B)
[0219/175132.053:ERROR:process_memory_win.cc(73)] ReadMemory at 0x2680ba224d0 of 856 bytes failed: Only part of a ReadProcessMemory or WriteProcessMemory request was completed. (0x12B)
[0219/175132.053:ERROR:process_memory_win.cc(73)] ReadMemory at 0x2680ba2282a of 118 bytes failed: Only part of a ReadProcessMemory or WriteProcessMemory request was completed. (0x12B)
[0219/175132.054:ERROR:process_memory_win.cc(73)] ReadMemory at 0x2680ba228a2 of 100 bytes failed: Only part of a ReadProcessMemory or WriteProcessMemory request was completed. (0x12B)
[0219/175132.055:ERROR:process_memory_win.cc(73)] ReadMemory at 0x2680ba22920 of 58 bytes failed: Only part of a ReadProcessMemory or WriteProcessMemory request was completed. (0x12B)
[0219/175132.056:ERROR:process_memory_win.cc(73)] ReadMemory at 0x2680ba22a20 of 132 bytes failed: Only part of a ReadProcessMemory or WriteProcessMemory request was completed. (0x12B)
[0219/175132.056:ERROR:process_memory_win.cc(73)] ReadMemory at 0x2680ba22bb0 of 132 bytes failed: Only part of a ReadProcessMemory or WriteProcessMemory request was completed. (0x12B)
[0219/175132.057:ERROR:process_memory_win.cc(73)] ReadMemory at 0x2680ba22d70 of 126 bytes failed: Only part of a ReadProcessMemory or WriteProcessMemory request was completed. (0x12B)
[0219/175132.058:ERROR:process_memory_win.cc(73)] ReadMemory at 0x2680ba23150 of 132 bytes failed: Only part of a ReadProcessMemory or WriteProcessMemory request was completed. (0x12B)
[0219/175132.060:ERROR:process_memory_win.cc(73)] ReadMemory at 0x2680ba232e0 of 64 bytes failed: Only part of a ReadProcessMemory or WriteProcessMemory request was completed. (0x12B)
[0219/175132.060:ERROR:process_memory_win.cc(73)] ReadMemory at 0x2680ba23330 of 132 bytes failed: Only part of a ReadProcessMemory or WriteProcessMemory request was completed. (0x12B)
[0219/175132.061:ERROR:process_memory_win.cc(73)] ReadMemory at 0x2680ba234a0 of 132 bytes failed: Only part of a ReadProcessMemory or WriteProcessMemory request was completed. (0x12B)
[0219/175132.062:ERROR:process_memory_win.cc(73)] ReadMemory at 0x2680ba23740 of 132 bytes failed: Only part of a ReadProcessMemory or WriteProcessMemory request was completed. (0x12B)
[0219/175132.064:ERROR:process_memory_win.cc(73)] ReadMemory at 0x2680ba238d0 of 68 bytes failed: Only part of a ReadProcessMemory or WriteProcessMemory request was completed. (0x12B)
[0219/175132.065:ERROR:process_memory_win.cc(73)] ReadMemory at 0x2680ba247e0 of 158 bytes failed: Only part of a ReadProcessMemory or WriteProcessMemory request was completed. (0x12B)
[0219/175132.065:ERROR:process_memory_win.cc(73)] ReadMemory at 0x2680ba248c0 of 132 bytes failed: Only part of a ReadProcessMemory or WriteProcessMemory request was completed. (0x12B)
[0219/175132.068:ERROR:process_memory_win.cc(73)] ReadMemory at 0x2680ba24a50 of 154 bytes failed: Only part of a ReadProcessMemory or WriteProcessMemory request was completed. (0x12B)
[0219/175132.069:ERROR:process_memory_win.cc(73)] ReadMemory at 0x2680ba25770 of 132 bytes failed: Only part of a ReadProcessMemory or WriteProcessMemory request was completed. (0x12B)
[0219/175132.071:ERROR:process_memory_win.cc(73)] ReadMemory at 0x2680ba25930 of 132 bytes failed: Only part of a ReadProcessMemory or WriteProcessMemory request was completed. (0x12B)
[0219/175132.072:ERROR:process_memory_win.cc(73)] ReadMemory at 0x2680ba25f00 of 62 bytes failed: Only part of a ReadProcessMemory or WriteProcessMemory request was completed. (0x12B)
[0219/175132.074:ERROR:process_memory_win.cc(73)] ReadMemory at 0x2680ba25f80 of 60 bytes failed: Only part of a ReadProcessMemory or WriteProcessMemory request was completed. (0x12B)
[0219/175132.075:ERROR:process_memory_win.cc(73)] ReadMemory at 0x2680ba29e60 of 132 bytes failed: Only part of a ReadProcessMemory or WriteProcessMemory request was completed. (0x12B)
[0219/175132.076:ERROR:process_memory_win.cc(73)] ReadMemory at 0x2680ba2a8b0 of 132 bytes failed: Only part of a ReadProcessMemory or WriteProcessMemory request was completed. (0x12B)
[0219/175132.081:ERROR:process_memory_win.cc(73)] ReadMemory at 0x2680ba2aa40 of 80 bytes failed: Only part of a ReadProcessMemory or WriteProcessMemory request was completed. (0x12B)
[0219/175132.082:ERROR:process_memory_win.cc(73)] ReadMemory at 0x2680ba2ab60 of 64 bytes failed: Only part of a ReadProcessMemory or WriteProcessMemory request was completed. (0x12B)
[0219/175132.083:ERROR:process_memory_win.cc(73)] ReadMemory at 0x2680ba2ac00 of 64 bytes failed: Only part of a ReadProcessMemory or WriteProcessMemory request was completed. (0x12B)
[0219/175132.084:ERROR:process_memory_win.cc(73)] ReadMemory at 0x2680ba2ad90 of 66 bytes failed: Only part of a ReadProcessMemory or WriteProcessMemory request was completed. (0x12B)
[0219/175132.084:ERROR:process_memory_win.cc(73)] ReadMemory at 0x2680ba2ade0 of 62 bytes failed: Only part of a ReadProcessMemory or WriteProcessMemory request was completed. (0x12B)
[0219/175132.085:ERROR:process_memory_win.cc(73)] ReadMemory at 0x2680ba2aed0 of 62 bytes failed: Only part of a ReadProcessMemory or WriteProcessMemory request was completed. (0x12B)
[0219/175132.086:ERROR:process_memory_win.cc(73)] ReadMemory at 0x2680ba2af20 of 60 bytes failed: Only part of a ReadProcessMemory or WriteProcessMemory request was completed. (0x12B)
[0219/175132.099:ERROR:process_memory_win.cc(73)] ReadMemory at 0x2680ba2b0b0 of 64 bytes failed: Only part of a ReadProcessMemory or WriteProcessMemory request was completed. (0x12B)
[0219/175132.100:ERROR:process_memory_win.cc(73)] ReadMemory at 0x2680ba2b100 of 64 bytes failed: Only part of a ReadProcessMemory or WriteProcessMemory request was completed. (0x12B)
[0219/175132.101:ERROR:process_memory_win.cc(73)] ReadMemory at 0x2680ba2b150 of 60 bytes failed: Only part of a ReadProcessMemory or WriteProcessMemory request was completed. (0x12B)
[0219/175132.102:ERROR:process_memory_win.cc(73)] ReadMemory at 0x2680ba2b370 of 132 bytes failed: Only part of a ReadProcessMemory or WriteProcessMemory request was completed. (0x12B)
[0219/175132.103:ERROR:process_memory_win.cc(73)] ReadMemory at 0x2680ba2b4a0 of 132 bytes failed: Only part of a ReadProcessMemory or WriteProcessMemory request was completed. (0x12B)
[0219/175132.103:ERROR:process_memory_win.cc(73)] ReadMemory at 0x2680ba2b5d0 of 132 bytes failed: Only part of a ReadProcessMemory or WriteProcessMemory request was completed. (0x12B)
[0219/175132.104:ERROR:process_memory_win.cc(73)] ReadMemory at 0x2680ba2b700 of 132 bytes failed: Only part of a ReadProcessMemory or WriteProcessMemory request was completed. (0x12B)
[0219/175132.105:ERROR:process_memory_win.cc(73)] ReadMemory at 0x2680ba2b830 of 132 bytes failed: Only part of a ReadProcessMemory or WriteProcessMemory request was completed. (0x12B)
[0219/175132.106:ERROR:process_memory_win.cc(73)] ReadMemory at 0x2680ba2b960 of 132 bytes failed: Only part of a ReadProcessMemory or WriteProcessMemory request was completed. (0x12B)
[0219/175132.106:ERROR:process_memory_win.cc(73)] ReadMemory at 0x2680ba2ba90 of 132 bytes failed: Only part of a ReadProcessMemory or WriteProcessMemory request was completed. (0x12B)
[0219/175132.107:ERROR:process_memory_win.cc(73)] ReadMemory at 0x2680ba2bbc0 of 132 bytes failed: Only part of a ReadProcessMemory or WriteProcessMemory request was completed. (0x12B)
[0219/175132.107:ERROR:process_memory_win.cc(73)] ReadMemory at 0x2680ba2bcf0 of 132 bytes failed: Only part of a ReadProcessMemory or WriteProcessMemory request was completed. (0x12B)
[0219/175132.108:ERROR:process_memory_win.cc(73)] ReadMemory at 0x2680ba2be20 of 132 bytes failed: Only part of a ReadProcessMemory or WriteProcessMemory request was completed. (0x12B)
[0219/175132.110:ERROR:process_memory_win.cc(73)] ReadMemory at 0x2680ba2c080 of 132 bytes failed: Only part of a ReadProcessMemory or WriteProcessMemory request was completed. (0x12B)
[0219/175132.110:ERROR:process_memory_win.cc(73)] ReadMemory at 0x2680ba2c1b0 of 132 bytes failed: Only part of a ReadProcessMemory or WriteProcessMemory request was completed. (0x12B)
[0219/175132.111:ERROR:process_memory_win.cc(73)] ReadMemory at 0x2680ba2d940 of 132 bytes failed: Only part of a ReadProcessMemory or WriteProcessMemory request was completed. (0x12B)
[0219/175132.112:ERROR:process_memory_win.cc(73)] ReadMemory at 0x2680ba2e730 of 132 bytes failed: Only part of a ReadProcessMemory or WriteProcessMemory request was completed. (0x12B)
[0219/175132.113:ERROR:process_memory_win.cc(73)] ReadMemory at 0x2680ba2f0e0 of 54 bytes failed: Only part of a ReadProcessMemory or WriteProcessMemory request was completed. (0x12B)
[0219/175132.119:ERROR:process_memory_win.cc(73)] ReadMemory at 0x2680ba316f0 of 132 bytes failed: Only part of a ReadProcessMemory or WriteProcessMemory request was completed. (0x12B)
[0219/175132.124:ERROR:process_memory_win.cc(73)] ReadMemory at 0x2680ba31900 of 132 bytes failed: Only part of a ReadProcessMemory or WriteProcessMemory request was completed. (0x12B)
[0219/175132.125:ERROR:process_memory_win.cc(73)] ReadMemory at 0x2680ba336f0 of 132 bytes failed: Only part of a ReadProcessMemory or WriteProcessMemory request was completed. (0x12B)
[0219/175132.128:ERROR:process_memory_win.cc(73)] ReadMemory at 0x2680ba341d0 of 132 bytes failed: Only part of a ReadProcessMemory or WriteProcessMemory request was completed. (0x12B)
[0219/175132.136:ERROR:process_memory_win.cc(73)] ReadMemory at 0x2680ba35150 of 76 bytes failed: Only part of a ReadProcessMemory or WriteProcessMemory request was completed. (0x12B)
[0219/175132.143:ERROR:process_memory_win.cc(73)] ReadMemory at 0x2680ba359e0 of 60 bytes failed: Only part of a ReadProcessMemory or WriteProcessMemory request was completed. (0x12B)
[0219/175132.149:ERROR:process_memory_win.cc(73)] ReadMemory at 0x2680ba35b20 of 64 bytes failed: Only part of a ReadProcessMemory or WriteProcessMemory request was completed. (0x12B)
[0219/175132.149:ERROR:process_memory_win.cc(73)] ReadMemory at 0x2680ba35b70 of 66 bytes failed: Only part of a ReadProcessMemory or WriteProcessMemory request was completed. (0x12B)
[0219/175132.150:ERROR:process_memory_win.cc(73)] ReadMemory at 0x2680ba35bc0 of 62 bytes failed: Only part of a ReadProcessMemory or WriteProcessMemory request was completed. (0x12B)
[0219/175132.152:ERROR:process_memory_win.cc(73)] ReadMemory at 0x2680ba35c60 of 62 bytes failed: Only part of a ReadProcessMemory or WriteProcessMemory request was completed. (0x12B)
[0219/175132.153:ERROR:process_memory_win.cc(73)] ReadMemory at 0x2680ba35d00 of 62 bytes failed: Only part of a ReadProcessMemory or WriteProcessMemory request was completed. (0x12B)
[0219/175132.154:ERROR:process_memory_win.cc(73)] ReadMemory at 0x2680ba35df0 of 58 bytes failed: Only part of a ReadProcessMemory or WriteProcessMemory request was completed. (0x12B)
[0219/175132.155:ERROR:process_memory_win.cc(73)] ReadMemory at 0x2680ba360c0 of 62 bytes failed: Only part of a ReadProcessMemory or WriteProcessMemory request was completed. (0x12B)
[0219/175132.156:ERROR:process_memory_win.cc(73)] ReadMemory at 0x2680ba36110 of 62 bytes failed: Only part of a ReadProcessMemory or WriteProcessMemory request was completed. (0x12B)
[0219/175132.159:ERROR:process_memory_win.cc(73)] ReadMemory at 0x2680ba36160 of 60 bytes failed: Only part of a ReadProcessMemory or WriteProcessMemory request was completed. (0x12B)
[0219/175132.164:ERROR:process_memory_win.cc(73)] ReadMemory at 0x2680ba361b0 of 62 bytes failed: Only part of a ReadProcessMemory or WriteProcessMemory request was completed. (0x12B)
[0219/175132.165:ERROR:process_memory_win.cc(73)] ReadMemory at 0x2680ba36250 of 64 bytes failed: Only part of a ReadProcessMemory or WriteProcessMemory request was completed. (0x12B)
[0219/175132.166:ERROR:process_memory_win.cc(73)] ReadMemory at 0x2680ba363e0 of 60 bytes failed: Only part of a ReadProcessMemory or WriteProcessMemory request was completed. (0x12B)
[0219/175132.167:ERROR:process_memory_win.cc(73)] ReadMemory at 0x2680ba36430 of 64 bytes failed: Only part of a ReadProcessMemory or WriteProcessMemory request was completed. (0x12B)
[0219/175132.169:ERROR:process_memory_win.cc(73)] ReadMemory at 0x2680ba36480 of 62 bytes failed: Only part of a ReadProcessMemory or WriteProcessMemory request was completed. (0x12B)
[0219/175132.171:ERROR:process_memory_win.cc(73)] ReadMemory at 0x2680ba36520 of 64 bytes failed: Only part of a ReadProcessMemory or WriteProcessMemory request was completed. (0x12B)
[0219/175132.172:ERROR:process_memory_win.cc(73)] ReadMemory at 0x2680ba365c0 of 60 bytes failed: Only part of a ReadProcessMemory or WriteProcessMemory request was completed. (0x12B)
[0219/175132.173:ERROR:process_memory_win.cc(73)] ReadMemory at 0x2680ba36700 of 62 bytes failed: Only part of a ReadProcessMemory or WriteProcessMemory request was completed. (0x12B)
[0219/175132.173:ERROR:process_memory_win.cc(73)] ReadMemory at 0x2680ba36fa0 of 132 bytes failed: Only part of a ReadProcessMemory or WriteProcessMemory request was completed. (0x12B)
[0219/175132.175:ERROR:process_memory_win.cc(73)] ReadMemory at 0x2680ba37200 of 132 bytes failed: Only part of a ReadProcessMemory or WriteProcessMemory request was completed. (0x12B)
[0219/175132.176:ERROR:process_memory_win.cc(73)] ReadMemory at 0x2680ba37330 of 132 bytes failed: Only part of a ReadProcessMemory or WriteProcessMemory request was completed. (0x12B)
[0219/175132.177:ERROR:process_memory_win.cc(73)] ReadMemory at 0x2680ba37590 of 132 bytes failed: Only part of a ReadProcessMemory or WriteProcessMemory request was completed. (0x12B)
[0219/175132.178:ERROR:process_memory_win.cc(73)] ReadMemory at 0x2680ba37920 of 132 bytes failed: Only part of a ReadProcessMemory or WriteProcessMemory request was completed. (0x12B)
[0219/175132.179:ERROR:process_memory_win.cc(73)] ReadMemory at 0x2680ba37cb0 of 132 bytes failed: Only part of a ReadProcessMemory or WriteProcessMemory request was completed. (0x12B)
[0219/175132.180:ERROR:process_memory_win.cc(73)] ReadMemory at 0x2680ba37de0 of 132 bytes failed: Only part of a ReadProcessMemory or WriteProcessMemory request was completed. (0x12B)
[0219/175132.181:ERROR:process_memory_win.cc(73)] ReadMemory at 0x2680ba37f10 of 132 bytes failed: Only part of a ReadProcessMemory or WriteProcessMemory request was completed. (0x12B)
[0219/175132.182:ERROR:process_memory_win.cc(73)] ReadMemory at 0x2680ba389c0 of 132 bytes failed: Only part of a ReadProcessMemory or WriteProcessMemory request was completed. (0x12B)
[0219/175132.183:ERROR:process_memory_win.cc(73)] ReadMemory at 0x2680ba4e210 of 512 bytes failed: Only part of a ReadProcessMemory or WriteProcessMemory request was completed. (0x12B)
[0219/175132.184:ERROR:process_memory_win.cc(73)] ReadMemory at 0x2680ba4f1f0 of 512 bytes failed: Only part of a ReadProcessMemory or WriteProcessMemory request was completed. (0x12B)
[0219/175132.185:ERROR:process_memory_win.cc(73)] ReadMemory at 0x2680bbc1cc0 of 512 bytes failed: Only part of a ReadProcessMemory or WriteProcessMemory request was completed. (0x12B)
[0219/175132.188:ERROR:process_memory_win.cc(73)] ReadMemory at 0x2680bcb62a0 of 611 bytes failed: Only part of a ReadProcessMemory or WriteProcessMemory request was completed. (0x12B)
[0219/175132.190:ERROR:process_memory_win.cc(73)] ReadMemory at 0x2680bcc22c8 of 512 bytes failed: Only part of a ReadProcessMemory or WriteProcessMemory request was completed. (0x12B)
[0219/175132.192:ERROR:process_memory_win.cc(73)] ReadMemory at 0x2680bcc8bf0 of 512 bytes failed: Only part of a ReadProcessMemory or WriteProcessMemory request was completed. (0x12B)
[0219/175132.194:ERROR:process_memory_win.cc(73)] ReadMemory at 0x2680bce3510 of 712 bytes failed: Only part of a ReadProcessMemory or WriteProcessMemory request was completed. (0x12B)
[0219/175132.198:ERROR:process_memory_win.cc(73)] ReadMemory at 0x2680bd1b4c0 of 512 bytes failed: Only part of a ReadProcessMemory or WriteProcessMemory request was completed. (0x12B)
[0219/175132.199:ERROR:process_memory_win.cc(73)] ReadMemory at 0x2680bdd0000 of 384 bytes failed: Only part of a ReadProcessMemory or WriteProcessMemory request was completed. (0x12B)
[0219/175132.200:ERROR:process_memory_win.cc(73)] ReadMemory at 0x2680dbb0000 of 384 bytes failed: Only part of a ReadProcessMemory or WriteProcessMemory request was completed. (0x12B)
[0219/175132.201:ERROR:process_memory_win.cc(73)] ReadMemory at 0x2680dc2bb20 of 512 bytes failed: Only part of a ReadProcessMemory or WriteProcessMemory request was completed. (0x12B)
[0219/175132.202:ERROR:process_memory_win.cc(73)] ReadMemory at 0x2680dc2efc0 of 512 bytes failed: Only part of a ReadProcessMemory or WriteProcessMemory request was completed. (0x12B)
[0219/175132.203:ERROR:process_memory_win.cc(73)] ReadMemory at 0x2680dc55fb8 of 800 bytes failed: Only part of a ReadProcessMemory or WriteProcessMemory request was completed. (0x12B)
[0219/175132.204:ERROR:process_memory_win.cc(73)] ReadMemory at 0x2680dc56318 of 512 bytes failed: Only part of a ReadProcessMemory or WriteProcessMemory request was completed. (0x12B)
[0219/175132.206:ERROR:process_memory_win.cc(73)] ReadMemory at 0x2680dcf9600 of 512 bytes failed: Only part of a ReadProcessMemory or WriteProcessMemory request was completed. (0x12B)
[0219/175132.207:ERROR:process_memory_win.cc(73)] ReadMemory at 0x2680dd33e80 of 512 bytes failed: Only part of a ReadProcessMemory or WriteProcessMemory request was completed. (0x12B)
[0219/175132.208:ERROR:process_memory_win.cc(73)] ReadMemory at 0x2680f7cb750 of 560 bytes failed: Only part of a ReadProcessMemory or WriteProcessMemory request was completed. (0x12B)
[0219/175132.209:ERROR:process_memory_win.cc(73)] ReadMemory at 0x26810916003 of 525 bytes failed: Only part of a ReadProcessMemory or WriteProcessMemory request was completed. (0x12B)
[0219/175132.210:ERROR:process_memory_win.cc(73)] ReadMemory at 0x26810d816e0 of 512 bytes failed: Only part of a ReadProcessMemory or WriteProcessMemory request was completed. (0x12B)
[0219/175132.211:ERROR:process_memory_win.cc(73)] ReadMemory at 0x268111f71c0 of 512 bytes failed: Only part of a ReadProcessMemory or WriteProcessMemory request was completed. (0x12B)
[0219/175132.235:ERROR:process_memory_win.cc(73)] ReadMemory at 0x26811690f60 of 512 bytes failed: Only part of a ReadProcessMemory or WriteProcessMemory request was completed. (0x12B)
[0219/175132.236:ERROR:process_memory_win.cc(73)] ReadMemory at 0x26812853290 of 512 bytes failed: Only part of a ReadProcessMemory or WriteProcessMemory request was completed. (0x12B)
[0219/175132.237:ERROR:process_memory_win.cc(73)] ReadMemory at 0x26812b52781 of 512 bytes failed: Only part of a ReadProcessMemory or WriteProcessMemory request was completed. (0x12B)
[0219/175132.240:ERROR:process_memory_win.cc(73)] ReadMemory at 0x26813dc8280 of 512 bytes failed: Only part of a ReadProcessMemory or WriteProcessMemory request was completed. (0x12B)
[0219/175132.242:ERROR:process_memory_win.cc(73)] ReadMemory at 0x26813dc8a00 of 512 bytes failed: Only part of a ReadProcessMemory or WriteProcessMemory request was completed. (0x12B)
[0219/175132.248:ERROR:process_memory_win.cc(73)] ReadMemory at 0x26813f22218 of 512 bytes failed: Only part of a ReadProcessMemory or WriteProcessMemory request was completed. (0x12B)
[0219/175132.250:ERROR:process_memory_win.cc(73)] ReadMemory at 0x7ffaf8c4f0ec of 512 bytes failed: Only part of a ReadProcessMemory or WriteProcessMemory request was completed. (0x12B)
[0219/175132.251:ERROR:process_memory_win.cc(73)] ReadMemory at 0x7ffb30c67bc3 of 512 bytes failed: Only part of a ReadProcessMemory or WriteProcessMemory request was completed. (0x12B)
[0219/175132.252:ERROR:process_memory_win.cc(73)] ReadMemory at 0x7ffb30c683ba of 512 bytes failed: Only part of a ReadProcessMemory or WriteProcessMemory request was completed. (0x12B)
[0219/175132.253:ERROR:process_memory_win.cc(73)] ReadMemory at 0x7ffb4b7a4fad of 512 bytes failed: Only part of a ReadProcessMemory or WriteProcessMemory request was completed. (0x12B)
[0219/175132.253:ERROR:process_memory_win.cc(73)] ReadMemory at 0x7ffb4b7dff00 of 512 bytes failed: Only part of a ReadProcessMemory or WriteProcessMemory request was completed. (0x12B)
[0219/175132.254:ERROR:process_memory_win.cc(73)] ReadMemory at 0x7ffb4b82f764 of 672 bytes failed: Only part of a ReadProcessMemory or WriteProcessMemory request was completed. (0x12B)
[0219/175132.255:ERROR:process_memory_win.cc(73)] ReadMemory at 0x7ffb4b832ff4 of 608 bytes failed: Only part of a ReadProcessMemory or WriteProcessMemory request was completed. (0x12B)
[0219/175132.256:ERROR:process_memory_win.cc(73)] ReadMemory at 0x7ffb4b8bc0c8 of 18 bytes failed: Only part of a ReadProcessMemory or WriteProcessMemory request was completed. (0x12B)
[0219/175132.257:ERROR:process_memory_win.cc(73)] ReadMemory at 0x7ffb4b8ef4f8 of 40 bytes failed: Only part of a ReadProcessMemory or WriteProcessMemory request was completed. (0x12B)
[0219/175132.258:ERROR:process_memory_win.cc(73)] ReadMemory at 0x7ffb4b8ef978 of 48 bytes failed: Only part of a ReadProcessMemory or WriteProcessMemory request was completed. (0x12B)
[0219/175132.258:ERROR:process_memory_win.cc(73)] ReadMemory at 0x7ffb4b8f53c0 of 64 bytes failed: Only part of a ReadProcessMemory or WriteProcessMemory request was completed. (0x12B)
[0219/175132.292:ERROR:scoped_process_suspend.cc(40)] NtResumeProcess: An attempt was made to access an exiting process. (0xc000010a)
